<?xml version="1.0" encoding="UTF-8"?>
<testsuite xmlns:xsi="http://www.w3.org/2001/XMLSchema-instance" xsi:noNamespaceSchemaLocation="https://maven.apache.org/surefire/maven-surefire-plugin/xsd/surefire-test-report.xsd" version="3.0.2" name="mavsreclaim.RewardCatalogTest" time="0.105" tests="13" errors="0" skipped="0" failures="0">
  <properties>
[...]
</properties>
  <testcase name="inactiveRewardsAreHidden" classname="mavsreclaim.RewardCatalogTest" time="0.009"/>
  <testcase name="historyIsNewestFirst" classname="mavsreclaim.RewardCatalogTest" time="0.011"/>
  <testcase name="seedSkipsNonEmptyCatalog" classname="mavsreclaim.RewardCatalogTest" time="0.006"/>
  <testcase name="historySurvivesRetiredRewards" classname="mavsreclaim.RewardCatalogTest" time="0.011"/>
  <testcase name="unknownRewardIsNull" classname="mavsreclaim.RewardCatalogTest" time="0.005"/>
  <testcase name="catalogIsSortedByCost" classname="mavsreclaim.RewardCatalogTest" time="0.008"/>
  <testcase name="seedIsIdempotent" classname="mavsreclaim.RewardCatalogTest" time="0.007"/>
  <testcase name="seedFillsEmptyCatalog" classname="mavsreclaim.RewardCatalogTest" time="0.007"/>
  <testcase name="historyIsPrivateToTheUser" classname="mavsreclaim.RewardCatalogTest" time="0.011"/>
  <testcase name="newUserHasNoHistory" classname="mavsreclaim.RewardCatalogTest" time="0.006"/>
  <testcase name="limitedStockRoundTrips" classname="mavsreclaim.RewardCatalogTest" time="0.006"/>
  <testcase name="soldOutRewardStillListed" classname="mavsreclaim.RewardCatalogTest" time="0.005"/>
  <testcase name="unlimitedStockRoundTrips" classname="mavsreclaim.RewardCatalogTest" time="0.006"/>
</testsuite>